mode: set
readingtracker/internal/routes/routes.go:15.3,33.2 10 0
readingtracker/internal/database/postgres.go:16.37,25.16 4 0
readingtracker/internal/database/postgres.go:25.16,27.3 1 0
readingtracker/internal/database/postgres.go:29.2,35.16 2 0
readingtracker/internal/database/postgres.go:35.16,37.3 1 0
readingtracker/internal/database/postgres.go:39.2,39.77 1 0
readingtracker/internal/handlers/book_handler.go:16.48,18.16 2 0
readingtracker/internal/handlers/book_handler.go:18.16,21.3 2 0
readingtracker/internal/handlers/book_handler.go:23.2,23.45 1 0
readingtracker/internal/handlers/book_handler.go:25.64,27.2 1 0
readingtracker/internal/handlers/book_handler.go:29.50,32.47 2 0
readingtracker/internal/handlers/book_handler.go:32.47,35.3 2 0
readingtracker/internal/handlers/book_handler.go:37.2,38.16 2 0
readingtracker/internal/handlers/book_handler.go:38.16,41.3 2 0
readingtracker/internal/handlers/book_handler.go:43.2,43.34 1 0
readingtracker/internal/handlers/book_handler.go:46.50,50.16 3 0
readingtracker/internal/handlers/book_handler.go:50.16,53.3 2 0
readingtracker/internal/handlers/book_handler.go:55.2,57.47 2 0
readingtracker/internal/handlers/book_handler.go:57.47,60.3 2 0
readingtracker/internal/handlers/book_handler.go:62.2,64.50 2 0
readingtracker/internal/handlers/book_handler.go:64.50,67.3 2 0
readingtracker/internal/handlers/book_handler.go:68.2,68.57 1 0
readingtracker/internal/handlers/book_handler.go:71.50,75.55 3 0
readingtracker/internal/handlers/book_handler.go:75.55,78.3 2 0
readingtracker/internal/handlers/book_handler.go:79.2,79.47 1 0
readingtracker/internal/handlers/goal_handler.go:16.64,18.2 1 0
readingtracker/internal/handlers/goal_handler.go:20.47,22.47 2 0
readingtracker/internal/handlers/goal_handler.go:22.47,25.3 2 0
readingtracker/internal/handlers/goal_handler.go:27.2,27.47 1 0
readingtracker/internal/handlers/goal_handler.go:27.47,30.3 2 0
readingtracker/internal/handlers/goal_handler.go:31.2,31.63 1 0
readingtracker/internal/handlers/goal_handler.go:34.55,39.16 4 0
readingtracker/internal/handlers/goal_handler.go:39.16,42.3 2 0
readingtracker/internal/handlers/goal_handler.go:43.2,43.33 1 0
readingtracker/internal/handlers/progress_handler.go:17.76,19.2 1 0
readingtracker/internal/handlers/progress_handler.go:21.58,25.16 3 0
readingtracker/internal/handlers/progress_handler.go:25.16,28.3 2 0
readingtracker/internal/handlers/progress_handler.go:30.2,31.47 2 0
readingtracker/internal/handlers/progress_handler.go:31.47,34.3 2 0
readingtracker/internal/handlers/progress_handler.go:36.2,37.16 2 0
readingtracker/internal/handlers/progress_handler.go:37.16,40.3 2 0
readingtracker/internal/handlers/progress_handler.go:42.2,42.69 1 0
readingtracker/internal/handlers/progress_handler.go:44.55,49.16 4 0
readingtracker/internal/handlers/progress_handler.go:49.16,52.3 2 0
readingtracker/internal/handlers/progress_handler.go:54.2,54.33 1 0
readingtracker/internal/handlers/review_handler.go:16.70,18.2 1 0
readingtracker/internal/handlers/review_handler.go:20.54,24.16 3 0
readingtracker/internal/handlers/review_handler.go:24.16,27.3 2 0
readingtracker/internal/handlers/review_handler.go:29.2,30.47 2 0
readingtracker/internal/handlers/review_handler.go:30.47,33.3 2 0
readingtracker/internal/handlers/review_handler.go:35.2,35.63 1 0
readingtracker/internal/handlers/review_handler.go:35.63,38.3 2 0
readingtracker/internal/handlers/review_handler.go:40.2,40.75 1 0
readingtracker/internal/handlers/review_handler.go:42.52,47.16 4 0
readingtracker/internal/handlers/review_handler.go:47.16,50.3 2 0
readingtracker/internal/handlers/review_handler.go:52.2,52.47 1 0
readingtracker/cmd/api/main.go:14.13,42.2 17 0
readingtracker/configs/config.go:19.27,22.16 2 0
readingtracker/configs/config.go:22.16,24.3 1 0
readingtracker/configs/config.go:26.2,34.3 1 0
readingtracker/configs/config.go:37.42,38.48 1 0
readingtracker/configs/config.go:38.48,40.3 1 0
readingtracker/configs/config.go:41.2,41.17 1 0
readingtracker/internal/repository/book_repository.go:21.52,23.2 1 0
readingtracker/internal/repository/book_repository.go:25.62,27.2 1 0
readingtracker/internal/repository/book_repository.go:29.63,33.2 3 0
readingtracker/internal/repository/book_repository.go:35.62,37.2 1 0
readingtracker/internal/repository/book_repository.go:39.52,41.2 1 0
readingtracker/internal/repository/book_repository.go:42.69,46.2 3 0
readingtracker/internal/repository/goal_repository.go:19.52,21.2 1 0
readingtracker/internal/repository/goal_repository.go:23.67,26.2 1 0
readingtracker/internal/repository/goal_repository.go:28.79,32.2 3 0
readingtracker/internal/repository/goal_repository.go:34.73,41.2 3 0
readingtracker/internal/repository/progress_repository.go:18.60,20.2 1 0
readingtracker/internal/repository/progress_repository.go:22.88,26.16 3 0
readingtracker/internal/repository/progress_repository.go:26.16,28.3 1 0
readingtracker/internal/repository/progress_repository.go:29.2,29.23 1 0
readingtracker/internal/repository/progress_repository.go:32.75,35.2 1 0
readingtracker/internal/repository/review_repository.go:18.56,20.2 1 0
readingtracker/internal/repository/review_repository.go:22.70,24.2 1 0
readingtracker/internal/repository/review_repository.go:26.85,30.2 3 0
readingtracker/internal/repository/book_repository.go:21.52,23.2 1 0
readingtracker/internal/repository/book_repository.go:25.62,27.2 1 0
readingtracker/internal/repository/book_repository.go:29.63,33.2 3 0
readingtracker/internal/repository/book_repository.go:35.62,37.2 1 0
readingtracker/internal/repository/book_repository.go:39.52,41.2 1 0
readingtracker/internal/repository/book_repository.go:42.69,46.2 3 0
readingtracker/internal/repository/goal_repository.go:19.52,21.2 1 0
readingtracker/internal/repository/goal_repository.go:23.67,26.2 1 0
readingtracker/internal/repository/goal_repository.go:28.79,32.2 3 0
readingtracker/internal/repository/goal_repository.go:34.73,41.2 3 0
readingtracker/internal/repository/progress_repository.go:18.60,20.2 1 0
readingtracker/internal/repository/progress_repository.go:22.88,26.16 3 0
readingtracker/internal/repository/progress_repository.go:26.16,28.3 1 0
readingtracker/internal/repository/progress_repository.go:29.2,29.23 1 0
readingtracker/internal/repository/progress_repository.go:32.75,35.2 1 0
readingtracker/internal/repository/review_repository.go:18.56,20.2 1 0
readingtracker/internal/repository/review_repository.go:22.70,24.2 1 0
readingtracker/internal/repository/review_repository.go:26.85,30.2 3 0
readingtracker/internal/services/book_service.go:20.65,22.2 1 1
readingtracker/internal/services/book_service.go:24.83,36.16 3 1
readingtracker/internal/services/book_service.go:36.16,38.3 1 1
readingtracker/internal/services/book_service.go:39.2,39.18 1 1
readingtracker/internal/services/book_service.go:42.59,44.2 1 1
readingtracker/internal/services/book_service.go:46.67,53.2 2 1
readingtracker/internal/services/book_service.go:55.49,57.2 1 1
readingtracker/internal/services/goal_service.go:18.65,20.2 1 1
readingtracker/internal/services/goal_service.go:22.61,28.2 2 0
readingtracker/internal/services/goal_service.go:30.84,33.16 2 1
readingtracker/internal/services/goal_service.go:33.16,35.3 1 1
readingtracker/internal/services/goal_service.go:37.2,38.16 2 1
readingtracker/internal/services/goal_service.go:38.16,40.3 1 0
readingtracker/internal/services/goal_service.go:42.2,47.8 1 1
readingtracker/internal/services/progress_service.go:18.77,20.2 1 1
readingtracker/internal/services/progress_service.go:22.85,24.2 1 0
readingtracker/internal/services/progress_service.go:26.92,30.16 2 1
readingtracker/internal/services/progress_service.go:30.16,35.3 1 1
readingtracker/internal/services/progress_service.go:37.2,40.30 3 1
readingtracker/internal/services/review_service.go:20.107,25.2 1 1
readingtracker/internal/services/review_service.go:27.83,30.16 2 1
readingtracker/internal/services/review_service.go:30.16,32.3 1 1
readingtracker/internal/services/review_service.go:34.2,40.36 2 1
readingtracker/internal/services/review_service.go:43.78,45.2 1 0
